<?xml version="1.0" encoding="UTF-8"?>
<!-- Generated by org.testng.reporters.JUnitReportReporter -->
<testsuite skipped="0" hostname="Sharique" name="script.T4" tests="1" failures="0" timestamp="02 Dec 2018 16:42:39 GMT" time="37.639" errors="0">
  <testcase name="test" time="37.639" classname="script.T4"/>
</testsuite> <!-- script.T4 -->
