<?xml version="1.0" encoding="UTF-8"?>
<!-- Generated by org.testng.reporters.JUnitReportReporter -->
<testsuite skipped="0" hostname="Sharique" name="script.TC2" tests="2" failures="0" timestamp="29 Nov 2018 06:50:17 GMT" time="0.013" errors="0">
  <testcase name="testB" time="0.002" classname="script.TC2"/>
  <testcase name="testA" time="0.011" classname="script.TC2"/>
</testsuite> <!-- script.TC2 -->
