<?xml version="1.0" encoding="UTF-8"?>
<!-- Generated by org.testng.reporters.JUnitReportReporter -->
<testsuite skipped="0" hostname="Sharique" name="script.CheckIssueDate" tests="1" failures="0" timestamp="06 Dec 2018 14:31:02 GMT" time="20.134" errors="0">
  <testcase name="testCheckIssueDate" time="20.134" classname="script.CheckIssueDate"/>
</testsuite> <!-- script.CheckIssueDate -->
