<?xml version="1.0" encoding="UTF-8"?>
<!-- Generated by org.testng.reporters.JUnitReportReporter -->
<testsuite skipped="0" hostname="Sharique" name="script.ValidLogin" tests="1" failures="0" timestamp="06 Dec 2018 14:31:02 GMT" time="9.519" errors="0">
  <testcase name="testValidLogin" time="9.519" classname="script.ValidLogin"/>
</testsuite> <!-- script.ValidLogin -->
