<?xml version="1.0" encoding="UTF-8"?>
<!-- Generated by org.testng.reporters.JUnitReportReporter -->
<testsuite skipped="0" hostname="Sharique" name="script.TC3" tests="1" failures="0" timestamp="29 Nov 2018 16:54:15 GMT" time="32.946" errors="0">
  <testcase name="testClickPhoto" time="32.946" classname="script.TC3"/>
</testsuite> <!-- script.TC3 -->
