<?xml version="1.0" encoding="UTF-8"?>
<!-- Generated by org.testng.reporters.JUnitReportReporter -->
<testsuite skipped="0" hostname="Sharique" name="script.TC1" tests="1" failures="0" timestamp="29 Nov 2018 14:37:10 GMT" time="19.083" errors="0">
  <testcase name="testA" time="19.083" classname="script.TC1"/>
</testsuite> <!-- script.TC1 -->
